irun(64): 15.20-s086: (c) Copyright 1995-2020 Cadence Design Systems, Inc.
TOOL:	irun(64)	15.20-s086: Started on Sep 23, 2025 at 16:03:11 IST
irun
	vendingMachine.v
	testbench.v
	-access +rwc
	-gui
file: vendingMachine.v
	module worklib.vendingMachine:v
		errors: 0, warnings: 0
file: testbench.v
	module worklib.testbench:v
		errors: 0, warnings: 0
		Caching library 'worklib' ....... Done
	Elaborating the design hierarchy:
	Top level design units:
		testbench
	Building instance overlay tables: .................... Done
	Generating native compiled code:
		worklib.testbench:v <0x7b13b3c7>
			streams:  11, words:  5541
		worklib.vendingMachine:v <0x4a1f84ff>
			streams:   8, words:  3200
	Building instance specific data structures.
	Loading native compiled code:     .................... Done
	Design hierarchy summary:
		             Instances  Unique
		Modules:             2       2
		Registers:           7       7
		Scalar wires:        8       -
		Always blocks:       4       4
		Initial blocks:      2       2
		Cont. assignments:   3       4
		Pseudo assignments:  4       4
	Writing initial simulation snapshot: worklib.testbench:v

-------------------------------------
Relinquished control to SimVision...
ncsim> 
ncsim> source /home/install/INCISIVE152/tools/inca/files/ncsimrc
ncsim> database -open waves -into waves.shm -default
Created default SHM database waves
ncsim> probe -create -shm testbench.chng_out testbench.choco_out testbench.clk testbench.one_in testbench.reset testbench.two_in
Created probe 1
ncsim> run
Simulation complete via $finish(1) at time 2 US + 0
./testbench.v:38 $finish();
ncsim> ^C
ncsim> exit
...Regained control from SimVision
-------------------------------------
TOOL:	irun(64)	15.20-s086: Exiting on Sep 23, 2025 at 16:05:31 IST  (total: 00:02:20)
